# JRE version: Java(TM) SE Runtime Environment (8.0_51-b16) (build 1.8.0_51-b16)
# Java VM: Java HotSpot(TM) 64-Bit Server VM (25.51-b03 mixed mode linux-amd64 compressed oops)
Heap:
 PSYoungGen      total 30720K, used 2034K [0x00000000eab00000, 0x00000000ecb00000, 0x0000000100000000)
  eden space 28672K, 0% used [0x00000000eab00000,0x00000000eab00000,0x00000000ec700000)
  from space 2048K, 99% used [0x00000000ec700000,0x00000000ec8fc8a0,0x00000000ec900000)
  to   space 2048K, 0% used [0x00000000ec900000,0x00000000ec900000,0x00000000ecb00000)
 ParOldGen       total 36864K, used 33869K [0x00000000c0000000, 0x00000000c2400000, 0x00000000eab00000)
  object space 36864K, 91% used [0x00000000c0000000,0x00000000c2113648,0x00000000c2400000)
 Metaspace       used 7333K, capacity 7672K, committed 7936K, reserved 1056768K
  class space    used 747K, capacity 752K, committed 768K, reserved 1048576K
GC Heap History (9 events):
Event: 2.692 GC heap before
{Heap before GC invocations=1 (full 0):
 PSYoungGen      total 16384K, used 14336K [0x00000000eab00000, 0x00000000ebd00000, 0x0000000100000000)
  eden space 14336K, 100% used [0x00000000eab00000,0x00000000eb900000,0x00000000eb900000)
  from space 2048K, 0% used [0x00000000ebb00000,0x00000000ebb00000,0x00000000ebd00000)
  to   space 2048K, 0% used [0x00000000eb900000,0x00000000eb900000,0x00000000ebb00000)
 ParOldGen       total 36864K, used 0K [0x00000000c0000000, 0x00000000c2400000, 0x00000000eab00000)
  object space 36864K, 0% used [0x00000000c0000000,0x00000000c0000000,0x00000000c2400000)
 Metaspace       used 5315K, capacity 6704K, committed 6784K, reserved 1056768K
  class space    used 542K, capacity 616K, committed 640K, reserved 1048576K
Event: 2.731 GC heap after
Heap after GC invocations=1 (full 0):
 PSYoungGen      total 16384K, used 2018K [0x00000000eab00000, 0x00000000ecb00000, 0x0000000100000000)
  eden space 14336K, 0% used [0x00000000eab00000,0x00000000eab00000,0x00000000eb900000)
  from space 2048K, 98% used [0x00000000eb900000,0x00000000ebaf88d0,0x00000000ebb00000)
  to   space 2048K, 0% used [0x00000000ec900000,0x00000000ec900000,0x00000000ecb00000)
 ParOldGen       total 36864K, used 2039K [0x00000000c0000000, 0x00000000c2400000, 0x00000000eab00000)
  object space 36864K, 5% used [0x00000000c0000000,0x00000000c01fde80,0x00000000c2400000)
 Metaspace       used 5315K, capacity 6704K, committed 6784K, reserved 1056768K
  class space    used 542K, capacity 616K, committed 640K, reserved 1048576K
}
Event: 3.858 GC heap before
{Heap before GC invocations=2 (full 0):
 PSYoungGen      total 16384K, used 16354K [0x00000000eab00000, 0x00000000ecb00000, 0x0000000100000000)
  eden space 14336K, 100% used [0x00000000eab00000,0x00000000eb900000,0x00000000eb900000)
  from space 2048K, 98% used [0x00000000eb900000,0x00000000ebaf88d0,0x00000000ebb00000)
  to   space 2048K, 0% used [0x00000000ec900000,0x00000000ec900000,0x00000000ecb00000)
 ParOldGen       total 36864K, used 2039K [0x00000000c0000000, 0x00000000c2400000, 0x00000000eab00000)
  object space 36864K, 5% used [0x00000000c0000000,0x00000000c01fde80,0x00000000c2400000)
 Metaspace       used 7171K, capacity 7544K, committed 7680K, reserved 1056768K
  class space    used 746K, capacity 752K, committed 768K, reserved 1048576K
Event: 3.868 GC heap after
Heap after GC invocations=2 (full 0):
 PSYoungGen      total 16384K, used 2019K [0x00000000eab00000, 0x00000000ecb00000, 0x0000000100000000)
  eden space 14336K, 0% used [0x00000000eab00000,0x00000000eab00000,0x00000000eb900000)
  from space 2048K, 98% used [0x00000000ec900000,0x00000000ecaf8f48,0x00000000ecb00000)
  to   space 2048K, 0% used [0x00000000eb900000,0x00000000eb900000,0x00000000ebb00000)
 ParOldGen       total 36864K, used 6104K [0x00000000c0000000, 0x00000000c2400000, 0x00000000eab00000)
  object space 36864K, 16% used [0x00000000c0000000,0x00000000c05f6340,0x00000000c2400000)
 Metaspace       used 7171K, capacity 7544K, committed 7680K, reserved 1056768K
  class space    used 746K, capacity 752K, committed 768K, reserved 1048576K
}
Event: 4.184 GC heap before
{Heap before GC invocations=3 (full 0):
 PSYoungGen      total 16384K, used 15645K [0x00000000eab00000, 0x00000000ecb00000, 0x0000000100000000)
  eden space 14336K, 95% used [0x00000000eab00000,0x00000000eb84e608,0x00000000eb900000)
  from space 2048K, 98% used [0x00000000ec900000,0x00000000ecaf8f48,0x00000000ecb00000)
  to   space 2048K, 0% used [0x00000000eb900000,0x00000000eb900000,0x00000000ebb00000)
 ParOldGen       total 36864K, used 6104K [0x00000000c0000000, 0x00000000c2400000, 0x00000000eab00000)
  object space 36864K, 16% used [0x00000000c0000000,0x00000000c05f6340,0x00000000c2400000)
 Metaspace       used 7287K, capacity 7672K, committed 7936K, reserved 1056768K
  class space    used 746K, capacity 752K, committed 768K, reserved 1048576K
Event: 4.193 GC heap after
Heap after GC invocations=3 (full 0):
 PSYoungGen      total 16384K, used 2034K [0x00000000eab00000, 0x00000000ecb00000, 0x0000000100000000)
  eden space 14336K, 0% used [0x00000000eab00000,0x00000000eab00000,0x00000000eb900000)
  from space 2048K, 99% used [0x00000000eb900000,0x00000000ebafc8a0,0x00000000ebb00000)
  to   space 2048K, 0% used [0x00000000ec900000,0x00000000ec900000,0x00000000ecb00000)
 ParOldGen       total 36864K, used 8511K [0x00000000c0000000, 0x00000000c2400000, 0x00000000eab00000)
  object space 36864K, 23% used [0x00000000c0000000,0x00000000c084fca0,0x00000000c2400000)
 Metaspace       used 7287K, capacity 7672K, committed 7936K, reserved 1056768K
  class space    used 746K, capacity 752K, committed 768K, reserved 1048576K
}
Event: 4.359 GC heap before
{Heap before GC invocations=4 (full 0):
 PSYoungGen      total 16384K, used 16370K [0x00000000eab00000, 0x00000000ecb00000, 0x0000000100000000)
  eden space 14336K, 100% used [0x00000000eab00000,0x00000000eb900000,0x00000000eb900000)
  from space 2048K, 99% used [0x00000000eb900000,0x00000000ebafc8a0,0x00000000ebb00000)
  to   space 2048K, 0% used [0x00000000ec900000,0x00000000ec900000,0x00000000ecb00000)
 ParOldGen       total 36864K, used 8511K [0x00000000c0000000, 0x00000000c2400000, 0x00000000eab00000)
  object space 36864K, 23% used [0x00000000c0000000,0x00000000c084fca0,0x00000000c2400000)
 Metaspace       used 7307K, capacity 7672K, committed 7936K, reserved 1056768K
  class space    used 746K, capacity 752K, committed 768K, reserved 1048576K
Event: 4.375 GC heap after
Heap after GC invocations=4 (full 0):
 PSYoungGen      total 30720K, used 2034K [0x00000000eab00000, 0x00000000ecb00000, 0x0000000100000000)
  eden space 28672K, 0% used [0x00000000eab00000,0x00000000eab00000,0x00000000ec700000)
  from space 2048K, 99% used [0x00000000ec900000,0x00000000ecafc8a0,0x00000000ecb00000)
  to   space 2048K, 0% used [0x00000000ec700000,0x00000000ec700000,0x00000000ec900000)
 ParOldGen       total 36864K, used 15836K [0x00000000c0000000, 0x00000000c2400000, 0x00000000eab00000)
  object space 36864K, 42% used [0x00000000c0000000,0x00000000c0f77378,0x00000000c2400000)
 Metaspace       used 7307K, capacity 7672K, committed 7936K, reserved 1056768K
  class space    used 746K, capacity 752K, committed 768K, reserved 1048576K
}
Event: 4.659 GC heap before
{Heap before GC invocations=5 (full 0):
 PSYoungGen      total 30720K, used 30706K [0x00000000eab00000, 0x00000000ecb00000, 0x0000000100000000)
  eden space 28672K, 100% used [0x00000000eab00000,0x00000000ec700000,0x00000000ec700000)
  from space 2048K, 99% used [0x00000000ec900000,0x00000000ecafc8a0,0x00000000ecb00000)
  to   space 2048K, 0% used [0x00000000ec700000,0x00000000ec700000,0x00000000ec900000)
 ParOldGen       total 36864K, used 15836K [0x00000000c0000000, 0x00000000c2400000, 0x00000000eab00000)
  object space 36864K, 42% used [0x00000000c0000000,0x00000000c0f77378,0x00000000c2400000)
 Metaspace       used 7333K, capacity 7672K, committed 7936K, reserved 1056768K
  class space    used 747K, capacity 752K, committed 768K, reserved 1048576K

