# JRE version: Java(TM) SE Runtime Environment (8.0_51-b16) (build 1.8.0_51-b16)
# Java VM: Java HotSpot(TM) 64-Bit Server VM (25.51-b03 mixed mode linux-amd64 compressed oops)
Heap:
 PSYoungGen      total 30720K, used 2037K [0x00000000eab00000, 0x00000000ecb00000, 0x0000000100000000)
  eden space 28672K, 0% used [0x00000000eab00000,0x00000000eab00000,0x00000000ec700000)
  from space 2048K, 99% used [0x00000000ec700000,0x00000000ec8fd500,0x00000000ec900000)
  to   space 2048K, 0% used [0x00000000ec900000,0x00000000ec900000,0x00000000ecb00000)
 ParOldGen       total 36864K, used 35333K [0x00000000c0000000, 0x00000000c2400000, 0x00000000eab00000)
  object space 36864K, 95% used [0x00000000c0000000,0x00000000c2281610,0x00000000c2400000)
 Metaspace       used 7330K, capacity 7672K, committed 7936K, reserved 1056768K
  class space    used 746K, capacity 752K, committed 768K, reserved 1048576K
GC Heap History (9 events):
Event: 2.708 GC heap before
{Heap before GC invocations=1 (full 0):
 PSYoungGen      total 16384K, used 14336K [0x00000000eab00000, 0x00000000ebd00000, 0x0000000100000000)
  eden space 14336K, 100% used [0x00000000eab00000,0x00000000eb900000,0x00000000eb900000)
  from space 2048K, 0% used [0x00000000ebb00000,0x00000000ebb00000,0x00000000ebd00000)
  to   space 2048K, 0% used [0x00000000eb900000,0x00000000eb900000,0x00000000ebb00000)
 ParOldGen       total 36864K, used 0K [0x00000000c0000000, 0x00000000c2400000, 0x00000000eab00000)
  object space 36864K, 0% used [0x00000000c0000000,0x00000000c0000000,0x00000000c2400000)
 Metaspace       used 5333K, capacity 6704K, committed 6784K, reserved 1056768K
  class space    used 542K, capacity 616K, committed 640K, reserved 1048576K
Event: 2.720 GC heap after
Heap after GC invocations=1 (full 0):
 PSYoungGen      total 16384K, used 2019K [0x00000000eab00000, 0x00000000ebd00000, 0x0000000100000000)
  eden space 14336K, 0% used [0x00000000eab00000,0x00000000eab00000,0x00000000eb900000)
  from space 2048K, 98% used [0x00000000eb900000,0x00000000ebaf8f58,0x00000000ebb00000)
  to   space 2048K, 0% used [0x00000000ebb00000,0x00000000ebb00000,0x00000000ebd00000)
 ParOldGen       total 36864K, used 2076K [0x00000000c0000000, 0x00000000c2400000, 0x00000000eab00000)
  object space 36864K, 5% used [0x00000000c0000000,0x00000000c02071a8,0x00000000c2400000)
 Metaspace       used 5333K, capacity 6704K, committed 6784K, reserved 1056768K
  class space    used 542K, capacity 616K, committed 640K, reserved 1048576K
}
Event: 3.950 GC heap before
{Heap before GC invocations=2 (full 0):
 PSYoungGen      total 16384K, used 16355K [0x00000000eab00000, 0x00000000ebd00000, 0x0000000100000000)
  eden space 14336K, 100% used [0x00000000eab00000,0x00000000eb900000,0x00000000eb900000)
  from space 2048K, 98% used [0x00000000eb900000,0x00000000ebaf8f58,0x00000000ebb00000)
  to   space 2048K, 0% used [0x00000000ebb00000,0x00000000ebb00000,0x00000000ebd00000)
 ParOldGen       total 36864K, used 2076K [0x00000000c0000000, 0x00000000c2400000, 0x00000000eab00000)
  object space 36864K, 5% used [0x00000000c0000000,0x00000000c02071a8,0x00000000c2400000)
 Metaspace       used 7176K, capacity 7544K, committed 7680K, reserved 1056768K
  class space    used 746K, capacity 752K, committed 768K, reserved 1048576K
Event: 3.960 GC heap after
Heap after GC invocations=2 (full 0):
 PSYoungGen      total 16384K, used 2020K [0x00000000eab00000, 0x00000000ebd00000, 0x0000000100000000)
  eden space 14336K, 0% used [0x00000000eab00000,0x00000000eab00000,0x00000000eb900000)
  from space 2048K, 98% used [0x00000000ebb00000,0x00000000ebcf9128,0x00000000ebd00000)
  to   space 2048K, 0% used [0x00000000eb900000,0x00000000eb900000,0x00000000ebb00000)
 ParOldGen       total 36864K, used 6918K [0x00000000c0000000, 0x00000000c2400000, 0x00000000eab00000)
  object space 36864K, 18% used [0x00000000c0000000,0x00000000c06c1b50,0x00000000c2400000)
 Metaspace       used 7176K, capacity 7544K, committed 7680K, reserved 1056768K
  class space    used 746K, capacity 752K, committed 768K, reserved 1048576K
}
Event: 4.274 GC heap before
{Heap before GC invocations=3 (full 0):
 PSYoungGen      total 16384K, used 15416K [0x00000000eab00000, 0x00000000ebd00000, 0x0000000100000000)
  eden space 14336K, 93% used [0x00000000eab00000,0x00000000eb8150b8,0x00000000eb900000)
  from space 2048K, 98% used [0x00000000ebb00000,0x00000000ebcf9128,0x00000000ebd00000)
  to   space 2048K, 0% used [0x00000000eb900000,0x00000000eb900000,0x00000000ebb00000)
 ParOldGen       total 36864K, used 6918K [0x00000000c0000000, 0x00000000c2400000, 0x00000000eab00000)
  object space 36864K, 18% used [0x00000000c0000000,0x00000000c06c1b50,0x00000000c2400000)
 Metaspace       used 7288K, capacity 7672K, committed 7936K, reserved 1056768K
  class space    used 746K, capacity 752K, committed 768K, reserved 1048576K
Event: 4.287 GC heap after
Heap after GC invocations=3 (full 0):
 PSYoungGen      total 16384K, used 2020K [0x00000000eab00000, 0x00000000ecb00000, 0x0000000100000000)
  eden space 14336K, 0% used [0x00000000eab00000,0x00000000eab00000,0x00000000eb900000)
  from space 2048K, 98% used [0x00000000eb900000,0x00000000ebaf9128,0x00000000ebb00000)
  to   space 2048K, 0% used [0x00000000ec900000,0x00000000ec900000,0x00000000ecb00000)
 ParOldGen       total 36864K, used 9341K [0x00000000c0000000, 0x00000000c2400000, 0x00000000eab00000)
  object space 36864K, 25% used [0x00000000c0000000,0x00000000c091f4b0,0x00000000c2400000)
 Metaspace       used 7288K, capacity 7672K, committed 7936K, reserved 1056768K
  class space    used 746K, capacity 752K, committed 768K, reserved 1048576K
}
Event: 4.433 GC heap before
{Heap before GC invocations=4 (full 0):
 PSYoungGen      total 16384K, used 16356K [0x00000000eab00000, 0x00000000ecb00000, 0x0000000100000000)
  eden space 14336K, 100% used [0x00000000eab00000,0x00000000eb900000,0x00000000eb900000)
  from space 2048K, 98% used [0x00000000eb900000,0x00000000ebaf9128,0x00000000ebb00000)
  to   space 2048K, 0% used [0x00000000ec900000,0x00000000ec900000,0x00000000ecb00000)
 ParOldGen       total 36864K, used 9341K [0x00000000c0000000, 0x00000000c2400000, 0x00000000eab00000)
  object space 36864K, 25% used [0x00000000c0000000,0x00000000c091f4b0,0x00000000c2400000)
 Metaspace       used 7308K, capacity 7672K, committed 7936K, reserved 1056768K
  class space    used 746K, capacity 752K, committed 768K, reserved 1048576K
Event: 4.471 GC heap after
Heap after GC invocations=4 (full 0):
 PSYoungGen      total 30720K, used 2020K [0x00000000eab00000, 0x00000000ecb00000, 0x0000000100000000)
  eden space 28672K, 0% used [0x00000000eab00000,0x00000000eab00000,0x00000000ec700000)
  from space 2048K, 98% used [0x00000000ec900000,0x00000000ecaf9128,0x00000000ecb00000)
  to   space 2048K, 0% used [0x00000000ec700000,0x00000000ec700000,0x00000000ec900000)
 ParOldGen       total 36864K, used 17633K [0x00000000c0000000, 0x00000000c2400000, 0x00000000eab00000)
  object space 36864K, 47% used [0x00000000c0000000,0x00000000c1138598,0x00000000c2400000)
 Metaspace       used 7308K, capacity 7672K, committed 7936K, reserved 1056768K
  class space    used 746K, capacity 752K, committed 768K, reserved 1048576K
}
Event: 4.721 GC heap before
{Heap before GC invocations=5 (full 0):
 PSYoungGen      total 30720K, used 30692K [0x00000000eab00000, 0x00000000ecb00000, 0x0000000100000000)
  eden space 28672K, 100% used [0x00000000eab00000,0x00000000ec700000,0x00000000ec700000)
  from space 2048K, 98% used [0x00000000ec900000,0x00000000ecaf9128,0x00000000ecb00000)
  to   space 2048K, 0% used [0x00000000ec700000,0x00000000ec700000,0x00000000ec900000)
 ParOldGen       total 36864K, used 17633K [0x00000000c0000000, 0x00000000c2400000, 0x00000000eab00000)
  object space 36864K, 47% used [0x00000000c0000000,0x00000000c1138598,0x00000000c2400000)
 Metaspace       used 7330K, capacity 7672K, committed 7936K, reserved 1056768K
  class space    used 746K, capacity 752K, committed 768K, reserved 1048576K

