# JRE version: Java(TM) SE Runtime Environment (8.0_60-b27) (build 1.8.0_60-b27)
# Java VM: Java HotSpot(TM) 64-Bit Server VM (25.60-b23 mixed mode linux-amd64 compressed oops)
Heap:
 PSYoungGen      total 59392K, used 2023K [0x00000000eab00000, 0x00000000ee700000, 0x0000000100000000)
  eden space 57344K, 0% used [0x00000000eab00000,0x00000000eab00000,0x00000000ee300000)
  from space 2048K, 98% used [0x00000000ee300000,0x00000000ee4f9ed8,0x00000000ee500000)
  to   space 2048K, 0% used [0x00000000ee500000,0x00000000ee500000,0x00000000ee700000)
 ParOldGen       total 36864K, used 24612K [0x00000000c0000000, 0x00000000c2400000, 0x00000000eab00000)
  object space 36864K, 66% used [0x00000000c0000000,0x00000000c18091f0,0x00000000c2400000)
 Metaspace       used 7514K, capacity 7896K, committed 8064K, reserved 1056768K
  class space    used 750K, capacity 784K, committed 896K, reserved 1048576K
GC Heap History (9 events):
Event: 2.474 GC heap before
{Heap before GC invocations=1 (full 0):
 PSYoungGen      total 16384K, used 14336K [0x00000000eab00000, 0x00000000ebd00000, 0x0000000100000000)
  eden space 14336K, 100% used [0x00000000eab00000,0x00000000eb900000,0x00000000eb900000)
  from space 2048K, 0% used [0x00000000ebb00000,0x00000000ebb00000,0x00000000ebd00000)
  to   space 2048K, 0% used [0x00000000eb900000,0x00000000eb900000,0x00000000ebb00000)
 ParOldGen       total 36864K, used 0K [0x00000000c0000000, 0x00000000c2400000, 0x00000000eab00000)
  object space 36864K, 0% used [0x00000000c0000000,0x00000000c0000000,0x00000000c2400000)
 Metaspace       used 5253K, capacity 6768K, committed 7040K, reserved 1056768K
  class space    used 533K, capacity 616K, committed 640K, reserved 1048576K
Event: 2.517 GC heap after
Heap after GC invocations=1 (full 0):
 PSYoungGen      total 16384K, used 2033K [0x00000000eab00000, 0x00000000ecb00000, 0x0000000100000000)
  eden space 14336K, 0% used [0x00000000eab00000,0x00000000eab00000,0x00000000eb900000)
  from space 2048K, 99% used [0x00000000eb900000,0x00000000ebafc6d0,0x00000000ebb00000)
  to   space 2048K, 0% used [0x00000000ec900000,0x00000000ec900000,0x00000000ecb00000)
 ParOldGen       total 36864K, used 1646K [0x00000000c0000000, 0x00000000c2400000, 0x00000000eab00000)
  object space 36864K, 4% used [0x00000000c0000000,0x00000000c019b9c0,0x00000000c2400000)
 Metaspace       used 5253K, capacity 6768K, committed 7040K, reserved 1056768K
  class space    used 533K, capacity 616K, committed 640K, reserved 1048576K
}
Event: 3.135 GC heap before
{Heap before GC invocations=2 (full 0):
 PSYoungGen      total 16384K, used 16369K [0x00000000eab00000, 0x00000000ecb00000, 0x0000000100000000)
  eden space 14336K, 100% used [0x00000000eab00000,0x00000000eb900000,0x00000000eb900000)
  from space 2048K, 99% used [0x00000000eb900000,0x00000000ebafc6d0,0x00000000ebb00000)
  to   space 2048K, 0% used [0x00000000ec900000,0x00000000ec900000,0x00000000ecb00000)
 ParOldGen       total 36864K, used 1646K [0x00000000c0000000, 0x00000000c2400000, 0x00000000eab00000)
  object space 36864K, 4% used [0x00000000c0000000,0x00000000c019b9c0,0x00000000c2400000)
 Metaspace       used 5479K, capacity 6832K, committed 7040K, reserved 1056768K
  class space    used 542K, capacity 616K, committed 640K, reserved 1048576K
Event: 3.152 GC heap after
Heap after GC invocations=2 (full 0):
 PSYoungGen      total 30720K, used 2042K [0x00000000eab00000, 0x00000000ecb00000, 0x0000000100000000)
  eden space 28672K, 0% used [0x00000000eab00000,0x00000000eab00000,0x00000000ec700000)
  from space 2048K, 99% used [0x00000000ec900000,0x00000000ecafeb90,0x00000000ecb00000)
  to   space 2048K, 0% used [0x00000000ec700000,0x00000000ec700000,0x00000000ec900000)
 ParOldGen       total 36864K, used 3681K [0x00000000c0000000, 0x00000000c2400000, 0x00000000eab00000)
  object space 36864K, 9% used [0x00000000c0000000,0x00000000c03985b0,0x00000000c2400000)
 Metaspace       used 5479K, capacity 6832K, committed 7040K, reserved 1056768K
  class space    used 542K, capacity 616K, committed 640K, reserved 1048576K
}
Event: 5.175 GC heap before
{Heap before GC invocations=3 (full 0):
 PSYoungGen      total 30720K, used 30714K [0x00000000eab00000, 0x00000000ecb00000, 0x0000000100000000)
  eden space 28672K, 100% used [0x00000000eab00000,0x00000000ec700000,0x00000000ec700000)
  from space 2048K, 99% used [0x00000000ec900000,0x00000000ecafeb90,0x00000000ecb00000)
  to   space 2048K, 0% used [0x00000000ec700000,0x00000000ec700000,0x00000000ec900000)
 ParOldGen       total 36864K, used 3681K [0x00000000c0000000, 0x00000000c2400000, 0x00000000eab00000)
  object space 36864K, 9% used [0x00000000c0000000,0x00000000c03985b0,0x00000000c2400000)
 Metaspace       used 7449K, capacity 7832K, committed 8064K, reserved 1056768K
  class space    used 749K, capacity 784K, committed 896K, reserved 1048576K
Event: 5.210 GC heap after
Heap after GC invocations=3 (full 0):
 PSYoungGen      total 30720K, used 2019K [0x00000000eab00000, 0x00000000ee700000, 0x0000000100000000)
  eden space 28672K, 0% used [0x00000000eab00000,0x00000000eab00000,0x00000000ec700000)
  from space 2048K, 98% used [0x00000000ec700000,0x00000000ec8f8fc0,0x00000000ec900000)
  to   space 2048K, 0% used [0x00000000ee500000,0x00000000ee500000,0x00000000ee700000)
 ParOldGen       total 36864K, used 10036K [0x00000000c0000000, 0x00000000c2400000, 0x00000000eab00000)
  object space 36864K, 27% used [0x00000000c0000000,0x00000000c09cd1f8,0x00000000c2400000)
 Metaspace       used 7449K, capacity 7832K, committed 8064K, reserved 1056768K
  class space    used 749K, capacity 784K, committed 896K, reserved 1048576K
}
Event: 5.548 GC heap before
{Heap before GC invocations=4 (full 0):
 PSYoungGen      total 30720K, used 30691K [0x00000000eab00000, 0x00000000ee700000, 0x0000000100000000)
  eden space 28672K, 100% used [0x00000000eab00000,0x00000000ec700000,0x00000000ec700000)
  from space 2048K, 98% used [0x00000000ec700000,0x00000000ec8f8fc0,0x00000000ec900000)
  to   space 2048K, 0% used [0x00000000ee500000,0x00000000ee500000,0x00000000ee700000)
 ParOldGen       total 36864K, used 10036K [0x00000000c0000000, 0x00000000c2400000, 0x00000000eab00000)
  object space 36864K, 27% used [0x00000000c0000000,0x00000000c09cd1f8,0x00000000c2400000)
 Metaspace       used 7492K, capacity 7896K, committed 8064K, reserved 1056768K
  class space    used 749K, capacity 784K, committed 896K, reserved 1048576K
Event: 5.566 GC heap after
Heap after GC invocations=4 (full 0):
 PSYoungGen      total 59392K, used 2023K [0x00000000eab00000, 0x00000000ee700000, 0x0000000100000000)
  eden space 57344K, 0% used [0x00000000eab00000,0x00000000eab00000,0x00000000ee300000)
  from space 2048K, 98% used [0x00000000ee500000,0x00000000ee6f9ed8,0x00000000ee700000)
  to   space 2048K, 0% used [0x00000000ee300000,0x00000000ee300000,0x00000000ee500000)
 ParOldGen       total 36864K, used 18065K [0x00000000c0000000, 0x00000000c2400000, 0x00000000eab00000)
  object space 36864K, 49% used [0x00000000c0000000,0x00000000c11a4550,0x00000000c2400000)
 Metaspace       used 7492K, capacity 7896K, committed 8064K, reserved 1056768K
  class space    used 749K, capacity 784K, committed 896K, reserved 1048576K
}
Event: 5.999 GC heap before
{Heap before GC invocations=5 (full 0):
 PSYoungGen      total 59392K, used 58772K [0x00000000eab00000, 0x00000000ee700000, 0x0000000100000000)
  eden space 57344K, 98% used [0x00000000eab00000,0x00000000ee26b498,0x00000000ee300000)
  from space 2048K, 98% used [0x00000000ee500000,0x00000000ee6f9ed8,0x00000000ee700000)
  to   space 2048K, 0% used [0x00000000ee300000,0x00000000ee300000,0x00000000ee500000)
 ParOldGen       total 36864K, used 18065K [0x00000000c0000000, 0x00000000c2400000, 0x00000000eab00000)
  object space 36864K, 49% used [0x00000000c0000000,0x00000000c11a4550,0x00000000c2400000)
 Metaspace       used 7514K, capacity 7896K, committed 8064K, reserved 1056768K
  class space    used 750K, capacity 784K, committed 896K, reserved 1048576K

