# JRE version: Java(TM) SE Runtime Environment (8.0_51-b16) (build 1.8.0_51-b16)
# Java VM: Java HotSpot(TM) 64-Bit Server VM (25.51-b03 mixed mode linux-amd64 compressed oops)
Heap:
 PSYoungGen      total 30720K, used 2018K [0x00000000eab00000, 0x00000000ecb00000, 0x0000000100000000)
  eden space 28672K, 0% used [0x00000000eab00000,0x00000000eab00000,0x00000000ec700000)
  from space 2048K, 98% used [0x00000000ec700000,0x00000000ec8f88f8,0x00000000ec900000)
  to   space 2048K, 0% used [0x00000000ec900000,0x00000000ec900000,0x00000000ecb00000)
 ParOldGen       total 36864K, used 31817K [0x00000000c0000000, 0x00000000c2400000, 0x00000000eab00000)
  object space 36864K, 86% used [0x00000000c0000000,0x00000000c1f12770,0x00000000c2400000)
 Metaspace       used 7344K, capacity 7704K, committed 8064K, reserved 1056768K
  class space    used 748K, capacity 784K, committed 896K, reserved 1048576K
GC Heap History (9 events):
Event: 2.882 GC heap before
{Heap before GC invocations=1 (full 0):
 PSYoungGen      total 16384K, used 14336K [0x00000000eab00000, 0x00000000ebd00000, 0x0000000100000000)
  eden space 14336K, 100% used [0x00000000eab00000,0x00000000eb900000,0x00000000eb900000)
  from space 2048K, 0% used [0x00000000ebb00000,0x00000000ebb00000,0x00000000ebd00000)
  to   space 2048K, 0% used [0x00000000eb900000,0x00000000eb900000,0x00000000ebb00000)
 ParOldGen       total 36864K, used 0K [0x00000000c0000000, 0x00000000c2400000, 0x00000000eab00000)
  object space 36864K, 0% used [0x00000000c0000000,0x00000000c0000000,0x00000000c2400000)
 Metaspace       used 5341K, capacity 6704K, committed 6784K, reserved 1056768K
  class space    used 542K, capacity 616K, committed 640K, reserved 1048576K
Event: 2.892 GC heap after
Heap after GC invocations=1 (full 0):
 PSYoungGen      total 16384K, used 2034K [0x00000000eab00000, 0x00000000ebd00000, 0x0000000100000000)
  eden space 14336K, 0% used [0x00000000eab00000,0x00000000eab00000,0x00000000eb900000)
  from space 2048K, 99% used [0x00000000eb900000,0x00000000ebafc888,0x00000000ebb00000)
  to   space 2048K, 0% used [0x00000000ebb00000,0x00000000ebb00000,0x00000000ebd00000)
 ParOldGen       total 36864K, used 1931K [0x00000000c0000000, 0x00000000c2400000, 0x00000000eab00000)
  object space 36864K, 5% used [0x00000000c0000000,0x00000000c01e2e28,0x00000000c2400000)
 Metaspace       used 5341K, capacity 6704K, committed 6784K, reserved 1056768K
  class space    used 542K, capacity 616K, committed 640K, reserved 1048576K
}
Event: 3.899 GC heap before
{Heap before GC invocations=2 (full 0):
 PSYoungGen      total 16384K, used 16230K [0x00000000eab00000, 0x00000000ebd00000, 0x0000000100000000)
  eden space 14336K, 99% used [0x00000000eab00000,0x00000000eb8dd240,0x00000000eb900000)
  from space 2048K, 99% used [0x00000000eb900000,0x00000000ebafc888,0x00000000ebb00000)
  to   space 2048K, 0% used [0x00000000ebb00000,0x00000000ebb00000,0x00000000ebd00000)
 ParOldGen       total 36864K, used 1931K [0x00000000c0000000, 0x00000000c2400000, 0x00000000eab00000)
  object space 36864K, 5% used [0x00000000c0000000,0x00000000c01e2e28,0x00000000c2400000)
 Metaspace       used 7186K, capacity 7576K, committed 7808K, reserved 1056768K
  class space    used 748K, capacity 784K, committed 896K, reserved 1048576K
Event: 3.912 GC heap after
Heap after GC invocations=2 (full 0):
 PSYoungGen      total 16384K, used 2024K [0x00000000eab00000, 0x00000000ebd00000, 0x0000000100000000)
  eden space 14336K, 0% used [0x00000000eab00000,0x00000000eab00000,0x00000000eb900000)
  from space 2048K, 98% used [0x00000000ebb00000,0x00000000ebcfa0f0,0x00000000ebd00000)
  to   space 2048K, 0% used [0x00000000eb900000,0x00000000eb900000,0x00000000ebb00000)
 ParOldGen       total 36864K, used 5555K [0x00000000c0000000, 0x00000000c2400000, 0x00000000eab00000)
  object space 36864K, 15% used [0x00000000c0000000,0x00000000c056ce00,0x00000000c2400000)
 Metaspace       used 7186K, capacity 7576K, committed 7808K, reserved 1056768K
  class space    used 748K, capacity 784K, committed 896K, reserved 1048576K
}
Event: 4.235 GC heap before
{Heap before GC invocations=3 (full 0):
 PSYoungGen      total 16384K, used 16314K [0x00000000eab00000, 0x00000000ebd00000, 0x0000000100000000)
  eden space 14336K, 99% used [0x00000000eab00000,0x00000000eb8f4998,0x00000000eb900000)
  from space 2048K, 98% used [0x00000000ebb00000,0x00000000ebcfa0f0,0x00000000ebd00000)
  to   space 2048K, 0% used [0x00000000eb900000,0x00000000eb900000,0x00000000ebb00000)
 ParOldGen       total 36864K, used 5555K [0x00000000c0000000, 0x00000000c2400000, 0x00000000eab00000)
  object space 36864K, 15% used [0x00000000c0000000,0x00000000c056ce00,0x00000000c2400000)
 Metaspace       used 7300K, capacity 7704K, committed 8064K, reserved 1056768K
  class space    used 748K, capacity 784K, committed 896K, reserved 1048576K
Event: 4.247 GC heap after
Heap after GC invocations=3 (full 0):
 PSYoungGen      total 16384K, used 1947K [0x00000000eab00000, 0x00000000ecb00000, 0x0000000100000000)
  eden space 14336K, 0% used [0x00000000eab00000,0x00000000eab00000,0x00000000eb900000)
  from space 2048K, 95% used [0x00000000eb900000,0x00000000ebae6f00,0x00000000ebb00000)
  to   space 2048K, 0% used [0x00000000ec900000,0x00000000ec900000,0x00000000ecb00000)
 ParOldGen       total 36864K, used 6905K [0x00000000c0000000, 0x00000000c2400000, 0x00000000eab00000)
  object space 36864K, 18% used [0x00000000c0000000,0x00000000c06be450,0x00000000c2400000)
 Metaspace       used 7300K, capacity 7704K, committed 8064K, reserved 1056768K
  class space    used 748K, capacity 784K, committed 896K, reserved 1048576K
}
Event: 4.387 GC heap before
{Heap before GC invocations=4 (full 0):
 PSYoungGen      total 16384K, used 16283K [0x00000000eab00000, 0x00000000ecb00000, 0x0000000100000000)
  eden space 14336K, 100% used [0x00000000eab00000,0x00000000eb900000,0x00000000eb900000)
  from space 2048K, 95% used [0x00000000eb900000,0x00000000ebae6f00,0x00000000ebb00000)
  to   space 2048K, 0% used [0x00000000ec900000,0x00000000ec900000,0x00000000ecb00000)
 ParOldGen       total 36864K, used 6905K [0x00000000c0000000, 0x00000000c2400000, 0x00000000eab00000)
  object space 36864K, 18% used [0x00000000c0000000,0x00000000c06be450,0x00000000c2400000)
 Metaspace       used 7320K, capacity 7704K, committed 8064K, reserved 1056768K
  class space    used 748K, capacity 784K, committed 896K, reserved 1048576K
Event: 4.533 GC heap after
Heap after GC invocations=4 (full 0):
 PSYoungGen      total 30720K, used 2043K [0x00000000eab00000, 0x00000000ecb00000, 0x0000000100000000)
  eden space 28672K, 0% used [0x00000000eab00000,0x00000000eab00000,0x00000000ec700000)
  from space 2048K, 99% used [0x00000000ec900000,0x00000000ecafef00,0x00000000ecb00000)
  to   space 2048K, 0% used [0x00000000ec700000,0x00000000ec700000,0x00000000ec900000)
 ParOldGen       total 36864K, used 14137K [0x00000000c0000000, 0x00000000c2400000, 0x00000000eab00000)
  object space 36864K, 38% used [0x00000000c0000000,0x00000000c0dce480,0x00000000c2400000)
 Metaspace       used 7320K, capacity 7704K, committed 8064K, reserved 1056768K
  class space    used 748K, capacity 784K, committed 896K, reserved 1048576K
}
Event: 4.786 GC heap before
{Heap before GC invocations=5 (full 0):
 PSYoungGen      total 30720K, used 30715K [0x00000000eab00000, 0x00000000ecb00000, 0x0000000100000000)
  eden space 28672K, 100% used [0x00000000eab00000,0x00000000ec700000,0x00000000ec700000)
  from space 2048K, 99% used [0x00000000ec900000,0x00000000ecafef00,0x00000000ecb00000)
  to   space 2048K, 0% used [0x00000000ec700000,0x00000000ec700000,0x00000000ec900000)
 ParOldGen       total 36864K, used 14137K [0x00000000c0000000, 0x00000000c2400000, 0x00000000eab00000)
  object space 36864K, 38% used [0x00000000c0000000,0x00000000c0dce480,0x00000000c2400000)
 Metaspace       used 7344K, capacity 7704K, committed 8064K, reserved 1056768K
  class space    used 748K, capacity 784K, committed 896K, reserved 1048576K

